Build started 2/25/2015 10:55:27 AM.
     1>Project "C:\Users\haha\documents\visual studio 2013\Projects\Lapstat\Lapstat\Lapstat.vcxproj" on node 2 (Build target(s)).
     1>ClCompile:
         C:\Program Files (x86)\Microsoft Visual Studio 12.0\VC\bin\CL.exe /c /ZI /nologo /W3 /WX- /sdl /Od /Oy- /D WIN32 /D _DEBUG /D _CONSOLE /D _LIB /D _UNICODE /D UNICODE /Gm /EHsc /RTC1 /MDd /GS /fp:precise /Zc:wchar_t /Zc:forScope /Fo"Debug\\" /Fd"Debug\vc120.pdb" /Gd /TP /analyze- /errorReport:prompt Logger.cpp Source.cpp
         Logger.cpp
         Generating Code...
         Compiling...
         Source.cpp
     1>c:\users\haha\documents\visual studio 2013\projects\lapstat\lapstat\source.cpp(43): warning C4244: 'argument' : conversion from 'time_t' to 'unsigned int', possible loss of data
     1>c:\users\haha\documents\visual studio 2013\projects\lapstat\lapstat\source.cpp(266): warning C4101: 'j' : unreferenced local variable
     1>c:\users\haha\documents\visual studio 2013\projects\lapstat\lapstat\source.cpp(298): warning C4101: 'j' : unreferenced local variable
         Generating Code...
     1>c:\users\haha\documents\visual studio 2013\projects\lapstat\lapstat\source.cpp(241): warning C4715: 'Draw_Card' : not all control paths return a value
       Link:
         C:\Program Files (x86)\Microsoft Visual Studio 12.0\VC\bin\link.exe /ERRORREPORT:PROMPT /OUT:"C:\Users\haha\documents\visual studio 2013\Projects\Lapstat\Debug\Lapstat.exe" /INCREMENTAL /NOLOGO kernel32.lib user32.lib gdi32.lib winspool.lib comdlg32.lib advapi32.lib shell32.lib ole32.lib oleaut32.lib uuid.lib odbc32.lib odbccp32.lib /MANIFEST /MANIFESTUAC:"level='asInvoker' uiAccess='false'" /manifest:embed /DEBUG /PDB:"C:\Users\haha\documents\visual studio 2013\Projects\Lapstat\Debug\Lapstat.pdb" /SUBSYSTEM:CONSOLE /TLBID:1 /DYNAMICBASE /NXCOMPAT /IMPLIB:"C:\Users\haha\documents\visual studio 2013\Projects\Lapstat\Debug\Lapstat.lib" /MACHINE:X86 Debug\Logger.obj
         Debug\Source.obj
         Lapstat.vcxproj -> C:\Users\haha\documents\visual studio 2013\Projects\Lapstat\Debug\Lapstat.exe
     1>Done Building Project "C:\Users\haha\documents\visual studio 2013\Projects\Lapstat\Lapstat\Lapstat.vcxproj" (Build target(s)).

Build succeeded.

Time Elapsed 00:00:01.15
